[27-Nov-25 12:36:16 - INFO] - HasiiMusic: ğŸ›‘ Stopping bot...
[27-Nov-25 12:36:16 - INFO] - HasiiMusic: ğŸ¤– Bot client stopped.
[27-Nov-25 12:36:16 - INFO] - HasiiMusic: Assistants stopped.
[27-Nov-25 12:36:16 - INFO] - HasiiMusic: Database connection closed.
[27-Nov-25 12:36:16 - INFO] - HasiiMusic: âœ… Bot stopped successfully.

[27-Nov-25 12:36:34 - INFO] - HasiiMusic: ğŸ“ Cache directories updated.
[27-Nov-25 12:36:34 - INFO] - HasiiMusic: ğŸŒ Loaded languages: en, si
[27-Nov-25 12:36:35 - INFO] - HasiiMusic: âœ… Database connection successful. (0.76s)
[27-Nov-25 12:36:36 - INFO] - HasiiMusic: Database cache loaded.
[27-Nov-25 12:36:36 - INFO] - HasiiMusic: ğŸ¤– Bot started successfully as @HasiMusicBot
[27-Nov-25 12:36:36 - INFO] - HasiiMusic: ğŸ‘¤ Assistant 1 started as @moda_golubella
[27-Nov-25 12:36:36 - INFO] - HasiiMusic: ğŸ‘¤ Assistant 2 started as @None
[27-Nov-25 12:36:36 - INFO] - HasiiMusic: ğŸ“ PyTgCalls client(s) started.
[27-Nov-25 12:36:36 - INFO] - HasiiMusic: ğŸ”Œ Loaded 25 plugin modules.
[27-Nov-25 12:36:36 - INFO] - HasiiMusic: ğŸª Saving cookies from urls...
[27-Nov-25 12:36:37 - INFO] - HasiiMusic: âœ… Cookies saved.
[27-Nov-25 12:36:38 - INFO] - HasiiMusic: ğŸ‘‘ Loaded 4 sudo users.
[27-Nov-25 12:36:38 - INFO] - HasiiMusic: 
ğŸ‰ Bot started successfully! Ready to play music! ğŸµ

[27-Nov-25 12:37:11 - INFO] - HasiiMusic: ğŸ›‘ Stopping bot...
[27-Nov-25 12:37:11 - INFO] - HasiiMusic: ğŸ¤– Bot client stopped.
[27-Nov-25 12:37:11 - INFO] - HasiiMusic: Assistants stopped.
[27-Nov-25 12:37:11 - INFO] - HasiiMusic: Database connection closed.
[27-Nov-25 12:37:11 - INFO] - HasiiMusic: âœ… Bot stopped successfully.

[27-Nov-25 12:37:25 - INFO] - HasiiMusic: ğŸ“ Cache directories updated.
[27-Nov-25 12:37:25 - INFO] - HasiiMusic: ğŸŒ Loaded languages: en, si
[27-Nov-25 12:37:27 - INFO] - HasiiMusic: âœ… Database connection successful. (0.76s)
[27-Nov-25 12:37:27 - INFO] - HasiiMusic: Database cache loaded.
[27-Nov-25 12:37:27 - INFO] - HasiiMusic: ğŸ¤– Bot started successfully as @HasiMusicBot
[27-Nov-25 12:37:28 - INFO] - HasiiMusic: ğŸ‘¤ Assistant 1 started as @moda_golubella
[27-Nov-25 12:37:28 - INFO] - HasiiMusic: ğŸ‘¤ Assistant 2 started as @None
[27-Nov-25 12:37:28 - INFO] - HasiiMusic: ğŸ“ PyTgCalls client(s) started.
[27-Nov-25 12:37:28 - INFO] - HasiiMusic: ğŸ”Œ Loaded 25 plugin modules.
[27-Nov-25 12:37:28 - INFO] - HasiiMusic: ğŸª Saving cookies from urls...
[27-Nov-25 12:37:29 - INFO] - HasiiMusic: âœ… Cookies saved.
[27-Nov-25 12:37:29 - INFO] - HasiiMusic: ğŸ‘‘ Loaded 4 sudo users.
[27-Nov-25 12:37:29 - INFO] - HasiiMusic: 
ğŸ‰ Bot started successfully! Ready to play music! ğŸµ

[27-Nov-25 12:39:51 - INFO] - HasiiMusic: ğŸ›‘ Stopping bot...
[27-Nov-25 12:39:51 - INFO] - HasiiMusic: ğŸ¤– Bot client stopped.
[27-Nov-25 12:39:51 - INFO] - HasiiMusic: Assistants stopped.
[27-Nov-25 12:39:51 - INFO] - HasiiMusic: Database connection closed.
[27-Nov-25 12:39:51 - INFO] - HasiiMusic: âœ… Bot stopped successfully.

[27-Nov-25 12:39:58 - INFO] - HasiiMusic: ğŸ“ Cache directories updated.
[27-Nov-25 12:39:58 - INFO] - HasiiMusic: ğŸŒ Loaded languages: en, si
[27-Nov-25 12:39:59 - INFO] - HasiiMusic: âœ… Database connection successful. (0.76s)
[27-Nov-25 12:40:00 - INFO] - HasiiMusic: Database cache loaded.
[27-Nov-25 12:40:00 - INFO] - HasiiMusic: ğŸ¤– Bot started successfully as @HasiMusicBot
[27-Nov-25 12:40:00 - INFO] - HasiiMusic: ğŸ‘¤ Assistant 1 started as @moda_golubella
[27-Nov-25 12:40:00 - INFO] - HasiiMusic: ğŸ‘¤ Assistant 2 started as @None
[27-Nov-25 12:40:01 - INFO] - HasiiMusic: ğŸ“ PyTgCalls client(s) started.
[27-Nov-25 12:40:01 - INFO] - HasiiMusic: ğŸ”Œ Loaded 25 plugin modules.
[27-Nov-25 12:40:01 - INFO] - HasiiMusic: ğŸª Saving cookies from urls...
[27-Nov-25 12:40:02 - INFO] - HasiiMusic: âœ… Cookies saved.
[27-Nov-25 12:40:02 - INFO] - HasiiMusic: ğŸ‘‘ Loaded 4 sudo users.
[27-Nov-25 12:40:02 - INFO] - HasiiMusic: 
ğŸ‰ Bot started successfully! Ready to play music! ğŸµ

[27-Nov-25 12:42:52 - INFO] - HasiiMusic: ğŸ›‘ Stopping bot...
[27-Nov-25 12:42:52 - INFO] - HasiiMusic: ğŸ¤– Bot client stopped.
[27-Nov-25 12:42:52 - INFO] - HasiiMusic: Assistants stopped.
[27-Nov-25 12:42:52 - INFO] - HasiiMusic: Database connection closed.
[27-Nov-25 12:42:52 - INFO] - HasiiMusic: âœ… Bot stopped successfully.

[27-Nov-25 12:43:03 - INFO] - HasiiMusic: ğŸ“ Cache directories updated.
[27-Nov-25 12:43:03 - INFO] - HasiiMusic: ğŸŒ Loaded languages: en, si
[27-Nov-25 12:43:04 - INFO] - HasiiMusic: âœ… Database connection successful. (0.75s)
[27-Nov-25 12:43:05 - INFO] - HasiiMusic: Database cache loaded.
[27-Nov-25 12:43:05 - INFO] - HasiiMusic: ğŸ¤– Bot started successfully as @HasiMusicBot
[27-Nov-25 12:43:05 - INFO] - HasiiMusic: ğŸ‘¤ Assistant 1 started as @moda_golubella
[27-Nov-25 12:43:05 - INFO] - HasiiMusic: ğŸ‘¤ Assistant 2 started as @None
[27-Nov-25 12:43:05 - INFO] - HasiiMusic: ğŸ“ PyTgCalls client(s) started.
[27-Nov-25 12:43:06 - INFO] - HasiiMusic: ğŸ”Œ Loaded 25 plugin modules.
[27-Nov-25 12:43:06 - INFO] - HasiiMusic: ğŸª Saving cookies from urls...
[27-Nov-25 12:43:07 - INFO] - HasiiMusic: âœ… Cookies saved.
[27-Nov-25 12:43:07 - INFO] - HasiiMusic: ğŸ‘‘ Loaded 4 sudo users.
[27-Nov-25 12:43:07 - INFO] - HasiiMusic: 
ğŸ‰ Bot started successfully! Ready to play music! ğŸµ

[27-Nov-25 12:50:03 - INFO] - HasiiMusic: ğŸ›‘ Stopping bot...
[27-Nov-25 12:50:03 - INFO] - HasiiMusic: ğŸ¤– Bot client stopped.
[27-Nov-25 12:50:03 - INFO] - HasiiMusic: Assistants stopped.
[27-Nov-25 12:50:03 - INFO] - HasiiMusic: Database connection closed.
[27-Nov-25 12:50:03 - INFO] - HasiiMusic: âœ… Bot stopped successfully.

[27-Nov-25 12:50:11 - INFO] - HasiiMusic: ğŸ“ Cache directories updated.
[27-Nov-25 12:50:11 - INFO] - HasiiMusic: ğŸŒ Loaded languages: en, si
[27-Nov-25 12:50:17 - INFO] - HasiiMusic: ğŸ“ Cache directories updated.
[27-Nov-25 12:50:17 - INFO] - HasiiMusic: ğŸŒ Loaded languages: en, si
[27-Nov-25 12:50:19 - INFO] - HasiiMusic: âœ… Database connection successful. (0.74s)
[27-Nov-25 12:50:19 - INFO] - HasiiMusic: Database cache loaded.
[27-Nov-25 12:50:19 - INFO] - HasiiMusic: ğŸ¤– Bot started successfully as @HasiMusicBot
[27-Nov-25 12:50:20 - INFO] - HasiiMusic: ğŸ‘¤ Assistant 1 started as @moda_golubella
[27-Nov-25 12:50:20 - INFO] - HasiiMusic: ğŸ‘¤ Assistant 2 started as @None
[27-Nov-25 12:50:20 - INFO] - HasiiMusic: ğŸ“ PyTgCalls client(s) started.
[27-Nov-25 12:50:20 - INFO] - HasiiMusic: ğŸ”Œ Loaded 25 plugin modules.
[27-Nov-25 12:50:20 - INFO] - HasiiMusic: ğŸª Saving cookies from urls...
[27-Nov-25 12:50:22 - INFO] - HasiiMusic: âœ… Cookies saved.
[27-Nov-25 12:50:22 - INFO] - HasiiMusic: ğŸ‘‘ Loaded 4 sudo users.
[27-Nov-25 12:50:22 - INFO] - HasiiMusic: 
ğŸ‰ Bot started successfully! Ready to play music! ğŸµ

[27-Nov-25 12:59:17 - INFO] - HasiiMusic: ğŸ“ Cache directories updated.
[27-Nov-25 12:59:18 - INFO] - HasiiMusic: ğŸŒ Loaded languages: en, si
[27-Nov-25 12:59:19 - INFO] - HasiiMusic: âœ… Database connection successful. (0.74s)
[27-Nov-25 12:59:19 - INFO] - HasiiMusic: Database cache loaded.
[27-Nov-25 12:59:20 - INFO] - HasiiMusic: ğŸ¤– Bot started successfully as @HasiMusicBot
[27-Nov-25 12:59:20 - INFO] - HasiiMusic: ğŸ‘¤ Assistant 1 started as @moda_golubella
[27-Nov-25 12:59:20 - INFO] - HasiiMusic: ğŸ‘¤ Assistant 2 started as @None
[27-Nov-25 12:59:20 - INFO] - HasiiMusic: ğŸ“ PyTgCalls client(s) started.
[27-Nov-25 12:59:20 - INFO] - HasiiMusic: ğŸ”Œ Loaded 25 plugin modules.
[27-Nov-25 12:59:20 - INFO] - HasiiMusic: ğŸª Saving cookies from urls...
[27-Nov-25 12:59:21 - INFO] - HasiiMusic: âœ… Cookies saved.
[27-Nov-25 12:59:21 - INFO] - HasiiMusic: ğŸ‘‘ Loaded 4 sudo users.
[27-Nov-25 12:59:21 - INFO] - HasiiMusic: 
ğŸ‰ Bot started successfully! Ready to play music! ğŸµ

[27-Nov-25 13:02:16 - ERROR] - pyrogram.dispatcher: 'NoneType' object has no attribute 'split'
Traceback (most recent call last):
  File "/root/HasiiMusicBot/hasiimusic/lib/python3.12/site-packages/pyrogram/dispatcher.py", line 373, in handler_worker
    await handler.callback(self.client, *args)
  File "/root/HasiiMusicBot/HasiiMusic/core/lang.py", line 78, in wrapper
    return await func(*args, **kwargs)
           ^^^^^^^^^^^^^^^^^^^^^^^^^^^
  File "/root/HasiiMusicBot/HasiiMusic/plugins/admin-controles/broadcast.py", line 61, in broadcast_message
    flags, broadcast_text = _parse_broadcast_command(message.text)
                            ^^^^^^^^^^^^^^^^^^^^^^^^^^^^^^^^^^^^^^
  File "/root/HasiiMusicBot/HasiiMusic/plugins/admin-controles/broadcast.py", line 140, in _parse_broadcast_command
    parts = text.split(None, 1)
            ^^^^^^^^^^
AttributeError: 'NoneType' object has no attribute 'split'
[27-Nov-25 17:22:35 - ERROR] - HasiiMusic: âŒ Unexpected download error: failed to load cookies
[28-Nov-25 03:27:32 - INFO] - HasiiMusic: ğŸ›‘ Stopping bot...
[28-Nov-25 03:27:32 - INFO] - HasiiMusic: ğŸ¤– Bot client stopped.
[28-Nov-25 03:27:32 - INFO] - HasiiMusic: Assistants stopped.
[28-Nov-25 03:27:32 - INFO] - HasiiMusic: Database connection closed.
[28-Nov-25 03:27:32 - INFO] - HasiiMusic: âœ… Bot stopped successfully.

[28-Nov-25 03:27:56 - INFO] - HasiiMusic: ğŸ“ Cache directories updated.
[28-Nov-25 03:27:56 - INFO] - HasiiMusic: ğŸŒ Loaded languages: en, si
[28-Nov-25 03:27:58 - INFO] - HasiiMusic: âœ… Database connection successful. (0.73s)
[28-Nov-25 03:27:58 - INFO] - HasiiMusic: Database cache loaded.
[28-Nov-25 03:27:58 - INFO] - HasiiMusic: ğŸ¤– Bot started successfully as @HasiMusicBot
[28-Nov-25 03:27:58 - INFO] - HasiiMusic: ğŸ‘¤ Assistant 1 started as @moda_golubella
[28-Nov-25 03:27:59 - INFO] - HasiiMusic: ğŸ‘¤ Assistant 2 started as @None
[28-Nov-25 03:27:59 - INFO] - HasiiMusic: ğŸ“ PyTgCalls client(s) started.
[28-Nov-25 03:27:59 - INFO] - HasiiMusic: ğŸ”Œ Loaded 25 plugin modules.
[28-Nov-25 03:27:59 - INFO] - HasiiMusic: ğŸª Saving cookies from urls...
[28-Nov-25 03:27:59 - INFO] - HasiiMusic: âœ… Cookies saved.
[28-Nov-25 03:28:00 - INFO] - HasiiMusic: ğŸ‘‘ Loaded 4 sudo users.
[28-Nov-25 03:28:00 - INFO] - HasiiMusic: 
ğŸ‰ Bot started successfully! Ready to play music! ğŸµ

[28-Nov-25 10:54:22 - ERROR] - pyrogram.dispatcher: cannot access local variable 'file' where it is not associated with a value
Traceback (most recent call last):
  File "/root/HasiiMusicBot/hasiimusic/lib/python3.12/site-packages/pyrogram/dispatcher.py", line 373, in handler_worker
    await handler.callback(self.client, *args)
  File "/root/HasiiMusicBot/HasiiMusic/core/lang.py", line 78, in wrapper
    return await func(*args, **kwargs)
           ^^^^^^^^^^^^^^^^^^^^^^^^^^^
  File "/root/HasiiMusicBot/HasiiMusic/helpers/_play.py", line 128, in wrapper
    return await play(_, m, force, url, cplay)
           ^^^^^^^^^^^^^^^^^^^^^^^^^^^^^^^^^^^
  File "/root/HasiiMusicBot/HasiiMusic/plugins/playback-controls/play.py", line 117, in play_hndlr
    if not file:
           ^^^^
UnboundLocalError: cannot access local variable 'file' where it is not associated with a value
[28-Nov-25 11:41:50 - ERROR] - HasiiMusic.plugins.playback-controls.radio: Radio play error: 
[29-Nov-25 18:37:38 - ERROR] - pyrogram.dispatcher: cannot access local variable 'file' where it is not associated with a value
Traceback (most recent call last):
  File "/root/HasiiMusicBot/hasiimusic/lib/python3.12/site-packages/pyrogram/dispatcher.py", line 373, in handler_worker
    await handler.callback(self.client, *args)
  File "/root/HasiiMusicBot/HasiiMusic/core/lang.py", line 78, in wrapper
    return await func(*args, **kwargs)
           ^^^^^^^^^^^^^^^^^^^^^^^^^^^
  File "/root/HasiiMusicBot/HasiiMusic/helpers/_play.py", line 128, in wrapper
    return await play(_, m, force, url, cplay)
           ^^^^^^^^^^^^^^^^^^^^^^^^^^^^^^^^^^^
  File "/root/HasiiMusicBot/HasiiMusic/plugins/playback-controls/play.py", line 117, in play_hndlr
    if not file:
           ^^^^
UnboundLocalError: cannot access local variable 'file' where it is not associated with a value
[30-Nov-25 16:38:58 - ERROR] - HasiiMusic: Unexpected error during live stream extraction: [0;31mERROR:[0m [youtube] iKJTNl8Lwq4: Requested format is not available. Use --list-formats for a list of available formats
[01-Dec-25 04:57:26 - INFO] - HasiiMusic: ğŸ›‘ Stopping bot...
[01-Dec-25 04:57:26 - INFO] - HasiiMusic: ğŸ¤– Bot client stopped.
[01-Dec-25 04:57:26 - INFO] - HasiiMusic: Assistants stopped.
[01-Dec-25 04:57:26 - INFO] - HasiiMusic: Database connection closed.
[01-Dec-25 04:57:26 - INFO] - HasiiMusic: âœ… Bot stopped successfully.

[01-Dec-25 04:57:46 - INFO] - HasiiMusic: ğŸ“ Cache directories updated.
[01-Dec-25 04:57:46 - INFO] - HasiiMusic: ğŸŒ Loaded languages: en, si
[01-Dec-25 04:57:48 - INFO] - HasiiMusic: âœ… Database connection successful. (0.76s)
[01-Dec-25 04:57:48 - INFO] - HasiiMusic: Database cache loaded.
[01-Dec-25 04:57:48 - INFO] - HasiiMusic: ğŸ¤– Bot started successfully as @HasiMusicBot
[01-Dec-25 04:57:49 - INFO] - HasiiMusic: ğŸ‘¤ Assistant 1 started as @moda_golubella
[01-Dec-25 04:57:49 - INFO] - HasiiMusic: ğŸ‘¤ Assistant 2 started as @None
[01-Dec-25 04:57:49 - INFO] - HasiiMusic: ğŸ“ PyTgCalls client(s) started.
[01-Dec-25 04:57:49 - INFO] - HasiiMusic: ğŸ”Œ Loaded 25 plugin modules.
[01-Dec-25 04:57:49 - INFO] - HasiiMusic: ğŸª Saving cookies from urls...
[01-Dec-25 04:57:50 - INFO] - HasiiMusic: âœ… Cookies saved.
[01-Dec-25 04:57:50 - INFO] - HasiiMusic: ğŸ‘‘ Loaded 4 sudo users.
[01-Dec-25 04:57:50 - INFO] - HasiiMusic: 
ğŸ‰ Bot started successfully! Ready to play music! ğŸµ

[01-Dec-25 05:50:16 - ERROR] - HasiiMusic: âŒ Unexpected download error: failed to load cookies
[01-Dec-25 05:50:16 - ERROR] - pyrogram.dispatcher: failed to load cookies
Traceback (most recent call last):
  File "/root/HasiiMusicBot/hasiimusic/lib/python3.12/site-packages/yt_dlp/cookies.py", line 108, in load_cookies
    jar.load()
  File "/root/HasiiMusicBot/hasiimusic/lib/python3.12/site-packages/yt_dlp/cookies.py", line 1362, in load
    self._really_load(cf, filename, ignore_discard, ignore_expires)
  File "/usr/lib/python3.12/http/cookiejar.py", line 2016, in _really_load
    raise LoadError(
http.cookiejar.LoadError: 'HasiiMusic/cookies/cookie66390.txt' does not look like a Netscape format cookies file

During handling of the above exception, another exception occurred:

Traceback (most recent call last):
  File "/root/HasiiMusicBot/hasiimusic/lib/python3.12/site-packages/pyrogram/dispatcher.py", line 373, in handler_worker
    await handler.callback(self.client, *args)
  File "/root/HasiiMusicBot/HasiiMusic/core/lang.py", line 78, in wrapper
    return await func(*args, **kwargs)
           ^^^^^^^^^^^^^^^^^^^^^^^^^^^
  File "/root/HasiiMusicBot/HasiiMusic/helpers/_play.py", line 128, in wrapper
    return await play(_, m, force, url, cplay)
           ^^^^^^^^^^^^^^^^^^^^^^^^^^^^^^^^^^^
  File "/root/HasiiMusicBot/HasiiMusic/plugins/playback-controls/play.py", line 160, in play_hndlr
    file.file_path = await yt.download(file.id, video=False, is_live=file.is_live)
                     ^^^^^^^^^^^^^^^^^^^^^^^^^^^^^^^^^^^^^^^^^^^^^^^^^^^^^^^^^^^^^
  File "/root/HasiiMusicBot/HasiiMusic/core/youtube.py", line 288, in download
    return await asyncio.to_thread(_download)
           ^^^^^^^^^^^^^^^^^^^^^^^^^^^^^^^^^^
  File "/usr/lib/python3.12/asyncio/threads.py", line 25, in to_thread
    return await loop.run_in_executor(None, func_call)
           ^^^^^^^^^^^^^^^^^^^^^^^^^^^^^^^^^^^^^^^^^^^
  File "/usr/lib/python3.12/concurrent/futures/thread.py", line 58, in run
    result = self.fn(*self.args, **self.kwargs)
             ^^^^^^^^^^^^^^^^^^^^^^^^^^^^^^^^^^
  File "/root/HasiiMusicBot/HasiiMusic/core/youtube.py", line 251, in _download
    with yt_dlp.YoutubeDL(ydl_opts) as ydl:
  File "/root/HasiiMusicBot/hasiimusic/lib/python3.12/site-packages/yt_dlp/YoutubeDL.py", line 1051, in __exit__
    self.close()
  File "/root/HasiiMusicBot/hasiimusic/lib/python3.12/site-packages/yt_dlp/YoutubeDL.py", line 1054, in close
    self.save_cookies()
  File "/root/HasiiMusicBot/hasiimusic/lib/python3.12/site-packages/yt_dlp/YoutubeDL.py", line 1046, in save_cookies
    self.cookiejar.save()
    ^^^^^^^^^^^^^^
  File "/usr/lib/python3.12/functools.py", line 995, in __get__
    val = self.func(instance)
          ^^^^^^^^^^^^^^^^^^^
  File "/root/HasiiMusicBot/hasiimusic/lib/python3.12/site-packages/yt_dlp/YoutubeDL.py", line 4174, in cookiejar
    return load_cookies(
           ^^^^^^^^^^^^^
  File "/root/HasiiMusicBot/hasiimusic/lib/python3.12/site-packages/yt_dlp/cookies.py", line 113, in load_cookies
    raise CookieLoadError('failed to load cookies')
yt_dlp.cookies.CookieLoadError: failed to load cookies
[01-Dec-25 19:59:20 - ERROR] - HasiiMusic: âŒ Unexpected download error: failed to load cookies
[02-Dec-25 07:20:15 - ERROR] - HasiiMusic: âŒ Unexpected download error: failed to load cookies
[02-Dec-25 10:53:22 - ERROR] - pyrogram.dispatcher: 'NoneType' object has no attribute 'id'
Traceback (most recent call last):
  File "/root/HasiiMusicBot/hasiimusic/lib/python3.12/site-packages/pyrogram/dispatcher.py", line 373, in handler_worker
    await handler.callback(self.client, *args)
  File "/root/HasiiMusicBot/HasiiMusic/core/lang.py", line 78, in wrapper
    return await func(*args, **kwargs)
           ^^^^^^^^^^^^^^^^^^^^^^^^^^^
  File "/root/HasiiMusicBot/HasiiMusic/plugins/information/start.py", line 40, in start
    if message.from_user.id in app.bl_users and message.from_user.id not in db.notified:
       ^^^^^^^^^^^^^^^^^^^^
AttributeError: 'NoneType' object has no attribute 'id'
[02-Dec-25 14:49:32 - ERROR] - HasiiMusic: âŒ Unexpected download error: failed to load cookies
[02-Dec-25 14:49:32 - ERROR] - pyrogram.dispatcher: failed to load cookies
Traceback (most recent call last):
  File "/root/HasiiMusicBot/hasiimusic/lib/python3.12/site-packages/yt_dlp/cookies.py", line 108, in load_cookies
    jar.load()
  File "/root/HasiiMusicBot/hasiimusic/lib/python3.12/site-packages/yt_dlp/cookies.py", line 1362, in load
    self._really_load(cf, filename, ignore_discard, ignore_expires)
  File "/usr/lib/python3.12/http/cookiejar.py", line 2016, in _really_load
    raise LoadError(
http.cookiejar.LoadError: 'HasiiMusic/cookies/cookie66390.txt' does not look like a Netscape format cookies file

During handling of the above exception, another exception occurred:

Traceback (most recent call last):
  File "/root/HasiiMusicBot/hasiimusic/lib/python3.12/site-packages/pyrogram/dispatcher.py", line 373, in handler_worker
    await handler.callback(self.client, *args)
  File "/root/HasiiMusicBot/HasiiMusic/core/lang.py", line 78, in wrapper
    return await func(*args, **kwargs)
           ^^^^^^^^^^^^^^^^^^^^^^^^^^^
  File "/root/HasiiMusicBot/HasiiMusic/helpers/_play.py", line 128, in wrapper
    return await play(_, m, force, url, cplay)
           ^^^^^^^^^^^^^^^^^^^^^^^^^^^^^^^^^^^
  File "/root/HasiiMusicBot/HasiiMusic/plugins/playback-controls/play.py", line 160, in play_hndlr
    file.file_path = await yt.download(file.id, video=False, is_live=file.is_live)
                     ^^^^^^^^^^^^^^^^^^^^^^^^^^^^^^^^^^^^^^^^^^^^^^^^^^^^^^^^^^^^^
  File "/root/HasiiMusicBot/HasiiMusic/core/youtube.py", line 288, in download
    return await asyncio.to_thread(_download)
           ^^^^^^^^^^^^^^^^^^^^^^^^^^^^^^^^^^
  File "/usr/lib/python3.12/asyncio/threads.py", line 25, in to_thread
    return await loop.run_in_executor(None, func_call)
           ^^^^^^^^^^^^^^^^^^^^^^^^^^^^^^^^^^^^^^^^^^^
  File "/usr/lib/python3.12/concurrent/futures/thread.py", line 58, in run
    result = self.fn(*self.args, **self.kwargs)
             ^^^^^^^^^^^^^^^^^^^^^^^^^^^^^^^^^^
  File "/root/HasiiMusicBot/HasiiMusic/core/youtube.py", line 251, in _download
    with yt_dlp.YoutubeDL(ydl_opts) as ydl:
  File "/root/HasiiMusicBot/hasiimusic/lib/python3.12/site-packages/yt_dlp/YoutubeDL.py", line 1051, in __exit__
    self.close()
  File "/root/HasiiMusicBot/hasiimusic/lib/python3.12/site-packages/yt_dlp/YoutubeDL.py", line 1054, in close
    self.save_cookies()
  File "/root/HasiiMusicBot/hasiimusic/lib/python3.12/site-packages/yt_dlp/YoutubeDL.py", line 1046, in save_cookies
    self.cookiejar.save()
    ^^^^^^^^^^^^^^
  File "/usr/lib/python3.12/functools.py", line 995, in __get__
    val = self.func(instance)
          ^^^^^^^^^^^^^^^^^^^
  File "/root/HasiiMusicBot/hasiimusic/lib/python3.12/site-packages/yt_dlp/YoutubeDL.py", line 4174, in cookiejar
    return load_cookies(
           ^^^^^^^^^^^^^
  File "/root/HasiiMusicBot/hasiimusic/lib/python3.12/site-packages/yt_dlp/cookies.py", line 113, in load_cookies
    raise CookieLoadError('failed to load cookies')
yt_dlp.cookies.CookieLoadError: failed to load cookies
[02-Dec-25 19:08:11 - ERROR] - pyrogram.dispatcher: 'play_unsupported'
Traceback (most recent call last):
  File "/root/HasiiMusicBot/hasiimusic/lib/python3.12/site-packages/pyrogram/dispatcher.py", line 373, in handler_worker
    await handler.callback(self.client, *args)
  File "/root/HasiiMusicBot/HasiiMusic/core/lang.py", line 78, in wrapper
    return await func(*args, **kwargs)
           ^^^^^^^^^^^^^^^^^^^^^^^^^^^
  File "/root/HasiiMusicBot/HasiiMusic/helpers/_play.py", line 46, in wrapper
    return await m.reply_text(m.lang["play_unsupported"])
                              ~~~~~~^^^^^^^^^^^^^^^^^^^^
KeyError: 'play_unsupported'
[02-Dec-25 21:22:44 - ERROR] - pyrogram.dispatcher: cannot access local variable 'file' where it is not associated with a value
Traceback (most recent call last):
  File "/root/HasiiMusicBot/hasiimusic/lib/python3.12/site-packages/pyrogram/dispatcher.py", line 373, in handler_worker
    await handler.callback(self.client, *args)
  File "/root/HasiiMusicBot/HasiiMusic/core/lang.py", line 78, in wrapper
    return await func(*args, **kwargs)
           ^^^^^^^^^^^^^^^^^^^^^^^^^^^
  File "/root/HasiiMusicBot/HasiiMusic/helpers/_play.py", line 128, in wrapper
    return await play(_, m, force, url, cplay)
           ^^^^^^^^^^^^^^^^^^^^^^^^^^^^^^^^^^^
  File "/root/HasiiMusicBot/HasiiMusic/plugins/playback-controls/play.py", line 117, in play_hndlr
    if not file:
           ^^^^
UnboundLocalError: cannot access local variable 'file' where it is not associated with a value
[02-Dec-25 21:22:47 - ERROR] - pyrogram.dispatcher: cannot access local variable 'file' where it is not associated with a value
Traceback (most recent call last):
  File "/root/HasiiMusicBot/hasiimusic/lib/python3.12/site-packages/pyrogram/dispatcher.py", line 373, in handler_worker
    await handler.callback(self.client, *args)
  File "/root/HasiiMusicBot/HasiiMusic/core/lang.py", line 78, in wrapper
    return await func(*args, **kwargs)
           ^^^^^^^^^^^^^^^^^^^^^^^^^^^
  File "/root/HasiiMusicBot/HasiiMusic/helpers/_play.py", line 128, in wrapper
    return await play(_, m, force, url, cplay)
           ^^^^^^^^^^^^^^^^^^^^^^^^^^^^^^^^^^^
  File "/root/HasiiMusicBot/HasiiMusic/plugins/playback-controls/play.py", line 117, in play_hndlr
    if not file:
           ^^^^
UnboundLocalError: cannot access local variable 'file' where it is not associated with a value
[03-Dec-25 05:39:41 - ERROR] - HasiiMusic: âŒ Unexpected download error: failed to load cookies
[03-Dec-25 05:39:41 - ERROR] - pyrogram.dispatcher: failed to load cookies
Traceback (most recent call last):
  File "/root/HasiiMusicBot/hasiimusic/lib/python3.12/site-packages/yt_dlp/cookies.py", line 108, in load_cookies
    jar.load()
  File "/root/HasiiMusicBot/hasiimusic/lib/python3.12/site-packages/yt_dlp/cookies.py", line 1362, in load
    self._really_load(cf, filename, ignore_discard, ignore_expires)
  File "/usr/lib/python3.12/http/cookiejar.py", line 2016, in _really_load
    raise LoadError(
http.cookiejar.LoadError: 'HasiiMusic/cookies/cookie66390.txt' does not look like a Netscape format cookies file

During handling of the above exception, another exception occurred:

Traceback (most recent call last):
  File "/root/HasiiMusicBot/hasiimusic/lib/python3.12/site-packages/pyrogram/dispatcher.py", line 373, in handler_worker
    await handler.callback(self.client, *args)
  File "/root/HasiiMusicBot/HasiiMusic/core/lang.py", line 78, in wrapper
    return await func(*args, **kwargs)
           ^^^^^^^^^^^^^^^^^^^^^^^^^^^
  File "/root/HasiiMusicBot/HasiiMusic/helpers/_play.py", line 128, in wrapper
    return await play(_, m, force, url, cplay)
           ^^^^^^^^^^^^^^^^^^^^^^^^^^^^^^^^^^^
  File "/root/HasiiMusicBot/HasiiMusic/plugins/playback-controls/play.py", line 160, in play_hndlr
    file.file_path = await yt.download(file.id, video=False, is_live=file.is_live)
                     ^^^^^^^^^^^^^^^^^^^^^^^^^^^^^^^^^^^^^^^^^^^^^^^^^^^^^^^^^^^^^
  File "/root/HasiiMusicBot/HasiiMusic/core/youtube.py", line 288, in download
    return await asyncio.to_thread(_download)
           ^^^^^^^^^^^^^^^^^^^^^^^^^^^^^^^^^^
  File "/usr/lib/python3.12/asyncio/threads.py", line 25, in to_thread
    return await loop.run_in_executor(None, func_call)
           ^^^^^^^^^^^^^^^^^^^^^^^^^^^^^^^^^^^^^^^^^^^
  File "/usr/lib/python3.12/concurrent/futures/thread.py", line 58, in run
    result = self.fn(*self.args, **self.kwargs)
             ^^^^^^^^^^^^^^^^^^^^^^^^^^^^^^^^^^
  File "/root/HasiiMusicBot/HasiiMusic/core/youtube.py", line 251, in _download
    with yt_dlp.YoutubeDL(ydl_opts) as ydl:
  File "/root/HasiiMusicBot/hasiimusic/lib/python3.12/site-packages/yt_dlp/YoutubeDL.py", line 1051, in __exit__
    self.close()
  File "/root/HasiiMusicBot/hasiimusic/lib/python3.12/site-packages/yt_dlp/YoutubeDL.py", line 1054, in close
    self.save_cookies()
  File "/root/HasiiMusicBot/hasiimusic/lib/python3.12/site-packages/yt_dlp/YoutubeDL.py", line 1046, in save_cookies
    self.cookiejar.save()
    ^^^^^^^^^^^^^^
  File "/usr/lib/python3.12/functools.py", line 995, in __get__
    val = self.func(instance)
          ^^^^^^^^^^^^^^^^^^^
  File "/root/HasiiMusicBot/hasiimusic/lib/python3.12/site-packages/yt_dlp/YoutubeDL.py", line 4174, in cookiejar
    return load_cookies(
           ^^^^^^^^^^^^^
  File "/root/HasiiMusicBot/hasiimusic/lib/python3.12/site-packages/yt_dlp/cookies.py", line 113, in load_cookies
    raise CookieLoadError('failed to load cookies')
yt_dlp.cookies.CookieLoadError: failed to load cookies
[03-Dec-25 10:55:42 - ERROR] - HasiiMusic: âŒ Unexpected download error: failed to load cookies
[03-Dec-25 17:40:52 - ERROR] - pyrogram.dispatcher: 'NoneType' object has no attribute 'id'
Traceback (most recent call last):
  File "/root/HasiiMusicBot/hasiimusic/lib/python3.12/site-packages/pyrogram/dispatcher.py", line 373, in handler_worker
    await handler.callback(self.client, *args)
  File "/root/HasiiMusicBot/HasiiMusic/core/lang.py", line 78, in wrapper
    return await func(*args, **kwargs)
           ^^^^^^^^^^^^^^^^^^^^^^^^^^^
  File "/root/HasiiMusicBot/HasiiMusic/helpers/_admins.py", line 90, in wrapper
    user_id = update.from_user.id
              ^^^^^^^^^^^^^^^^^^^
AttributeError: 'NoneType' object has no attribute 'id'
[04-Dec-25 09:07:53 - ERROR] - pyrogram.dispatcher: 'play_unsupported'
Traceback (most recent call last):
  File "/root/HasiiMusicBot/hasiimusic/lib/python3.12/site-packages/pyrogram/dispatcher.py", line 373, in handler_worker
    await handler.callback(self.client, *args)
  File "/root/HasiiMusicBot/HasiiMusic/core/lang.py", line 78, in wrapper
    return await func(*args, **kwargs)
           ^^^^^^^^^^^^^^^^^^^^^^^^^^^
  File "/root/HasiiMusicBot/HasiiMusic/helpers/_play.py", line 46, in wrapper
    return await m.reply_text(m.lang["play_unsupported"])
                              ~~~~~~^^^^^^^^^^^^^^^^^^^^
KeyError: 'play_unsupported'
[04-Dec-25 12:16:43 - ERROR] - HasiiMusic: âŒ Unexpected download error: failed to load cookies
[04-Dec-25 12:16:43 - ERROR] - pyrogram.dispatcher: failed to load cookies
Traceback (most recent call last):
  File "/root/HasiiMusicBot/hasiimusic/lib/python3.12/site-packages/yt_dlp/cookies.py", line 108, in load_cookies
    jar.load()
  File "/root/HasiiMusicBot/hasiimusic/lib/python3.12/site-packages/yt_dlp/cookies.py", line 1362, in load
    self._really_load(cf, filename, ignore_discard, ignore_expires)
  File "/usr/lib/python3.12/http/cookiejar.py", line 2016, in _really_load
    raise LoadError(
http.cookiejar.LoadError: 'HasiiMusic/cookies/cookie66390.txt' does not look like a Netscape format cookies file

During handling of the above exception, another exception occurred:

Traceback (most recent call last):
  File "/root/HasiiMusicBot/hasiimusic/lib/python3.12/site-packages/pyrogram/dispatcher.py", line 373, in handler_worker
    await handler.callback(self.client, *args)
  File "/root/HasiiMusicBot/HasiiMusic/core/lang.py", line 78, in wrapper
    return await func(*args, **kwargs)
           ^^^^^^^^^^^^^^^^^^^^^^^^^^^
  File "/root/HasiiMusicBot/HasiiMusic/helpers/_play.py", line 128, in wrapper
    return await play(_, m, force, url, cplay)
           ^^^^^^^^^^^^^^^^^^^^^^^^^^^^^^^^^^^
  File "/root/HasiiMusicBot/HasiiMusic/plugins/playback-controls/play.py", line 160, in play_hndlr
    file.file_path = await yt.download(file.id, video=False, is_live=file.is_live)
                     ^^^^^^^^^^^^^^^^^^^^^^^^^^^^^^^^^^^^^^^^^^^^^^^^^^^^^^^^^^^^^
  File "/root/HasiiMusicBot/HasiiMusic/core/youtube.py", line 288, in download
    return await asyncio.to_thread(_download)
           ^^^^^^^^^^^^^^^^^^^^^^^^^^^^^^^^^^
  File "/usr/lib/python3.12/asyncio/threads.py", line 25, in to_thread
    return await loop.run_in_executor(None, func_call)
           ^^^^^^^^^^^^^^^^^^^^^^^^^^^^^^^^^^^^^^^^^^^
  File "/usr/lib/python3.12/concurrent/futures/thread.py", line 58, in run
    result = self.fn(*self.args, **self.kwargs)
             ^^^^^^^^^^^^^^^^^^^^^^^^^^^^^^^^^^
  File "/root/HasiiMusicBot/HasiiMusic/core/youtube.py", line 251, in _download
    with yt_dlp.YoutubeDL(ydl_opts) as ydl:
  File "/root/HasiiMusicBot/hasiimusic/lib/python3.12/site-packages/yt_dlp/YoutubeDL.py", line 1051, in __exit__
    self.close()
  File "/root/HasiiMusicBot/hasiimusic/lib/python3.12/site-packages/yt_dlp/YoutubeDL.py", line 1054, in close
    self.save_cookies()
  File "/root/HasiiMusicBot/hasiimusic/lib/python3.12/site-packages/yt_dlp/YoutubeDL.py", line 1046, in save_cookies
    self.cookiejar.save()
    ^^^^^^^^^^^^^^
  File "/usr/lib/python3.12/functools.py", line 995, in __get__
    val = self.func(instance)
          ^^^^^^^^^^^^^^^^^^^
  File "/root/HasiiMusicBot/hasiimusic/lib/python3.12/site-packages/yt_dlp/YoutubeDL.py", line 4174, in cookiejar
    return load_cookies(
           ^^^^^^^^^^^^^
  File "/root/HasiiMusicBot/hasiimusic/lib/python3.12/site-packages/yt_dlp/cookies.py", line 113, in load_cookies
    raise CookieLoadError('failed to load cookies')
yt_dlp.cookies.CookieLoadError: failed to load cookies
[05-Dec-25 05:03:15 - ERROR] - pyrogram.dispatcher: 'NoneType' object has no attribute 'id'
Traceback (most recent call last):
  File "/root/HasiiMusicBot/hasiimusic/lib/python3.12/site-packages/pyrogram/dispatcher.py", line 373, in handler_worker
    await handler.callback(self.client, *args)
  File "/root/HasiiMusicBot/HasiiMusic/core/lang.py", line 78, in wrapper
    return await func(*args, **kwargs)
           ^^^^^^^^^^^^^^^^^^^^^^^^^^^
  File "/root/HasiiMusicBot/HasiiMusic/plugins/information/start.py", line 40, in start
    if message.from_user.id in app.bl_users and message.from_user.id not in db.notified:
       ^^^^^^^^^^^^^^^^^^^^
AttributeError: 'NoneType' object has no attribute 'id'
[05-Dec-25 05:12:31 - INFO] - HasiiMusic: ğŸ›‘ Stopping bot...
[05-Dec-25 05:12:31 - INFO] - HasiiMusic: ğŸ¤– Bot client stopped.
[05-Dec-25 05:12:31 - INFO] - HasiiMusic: Assistants stopped.
[05-Dec-25 05:12:31 - INFO] - HasiiMusic: Database connection closed.
[05-Dec-25 05:12:31 - INFO] - HasiiMusic: âœ… Bot stopped successfully.

[05-Dec-25 05:12:36 - INFO] - HasiiMusic: ğŸ“ Cache directories updated.
[05-Dec-25 05:12:37 - INFO] - HasiiMusic: ğŸŒ Loaded languages: en, si
[05-Dec-25 05:12:38 - INFO] - HasiiMusic: âœ… Database connection successful. (0.74s)
[05-Dec-25 05:12:38 - INFO] - HasiiMusic: Database cache loaded.
[05-Dec-25 05:12:39 - INFO] - HasiiMusic: ğŸ¤– Bot started successfully as @HasiMusicBot
[05-Dec-25 05:12:39 - INFO] - HasiiMusic: ğŸ‘¤ Assistant 1 started as @moda_golubella
[05-Dec-25 05:12:39 - INFO] - HasiiMusic: ğŸ‘¤ Assistant 2 started as @None
[05-Dec-25 05:12:39 - INFO] - HasiiMusic: ğŸ“ PyTgCalls client(s) started.
[05-Dec-25 05:12:39 - INFO] - HasiiMusic: ğŸ”Œ Loaded 25 plugin modules.
[05-Dec-25 05:12:39 - INFO] - HasiiMusic: ğŸª Saving cookies from urls...
[05-Dec-25 05:12:40 - INFO] - HasiiMusic: âœ… Cookies saved.
[05-Dec-25 05:12:40 - INFO] - HasiiMusic: ğŸ‘‘ Loaded 4 sudo users.
[05-Dec-25 05:12:40 - INFO] - HasiiMusic: 
ğŸ‰ Bot started successfully! Ready to play music! ğŸµ

[05-Dec-25 06:01:57 - ERROR] - pyrogram.dispatcher: 'NoneType' object has no attribute 'id'
Traceback (most recent call last):
  File "/root/HasiiMusicBot/hasiimusic/lib/python3.12/site-packages/pyrogram/dispatcher.py", line 373, in handler_worker
    await handler.callback(self.client, *args)
  File "/root/HasiiMusicBot/HasiiMusic/core/lang.py", line 78, in wrapper
    return await func(*args, **kwargs)
           ^^^^^^^^^^^^^^^^^^^^^^^^^^^
  File "/root/HasiiMusicBot/HasiiMusic/plugins/information/start.py", line 40, in start
    if message.from_user.id in app.bl_users and message.from_user.id not in db.notified:
       ^^^^^^^^^^^^^^^^^^^^
AttributeError: 'NoneType' object has no attribute 'id'
[05-Dec-25 07:36:56 - ERROR] - pyrogram.dispatcher: 'NoneType' object has no attribute 'id'
Traceback (most recent call last):
  File "/root/HasiiMusicBot/hasiimusic/lib/python3.12/site-packages/pyrogram/dispatcher.py", line 373, in handler_worker
    await handler.callback(self.client, *args)
  File "/root/HasiiMusicBot/HasiiMusic/core/lang.py", line 78, in wrapper
    return await func(*args, **kwargs)
           ^^^^^^^^^^^^^^^^^^^^^^^^^^^
  File "/root/HasiiMusicBot/HasiiMusic/plugins/information/start.py", line 40, in start
    if message.from_user.id in app.bl_users and message.from_user.id not in db.notified:
       ^^^^^^^^^^^^^^^^^^^^
AttributeError: 'NoneType' object has no attribute 'id'
[05-Dec-25 07:49:03 - ERROR] - pyrogram.dispatcher: 'NoneType' object has no attribute 'id'
Traceback (most recent call last):
  File "/root/HasiiMusicBot/hasiimusic/lib/python3.12/site-packages/pyrogram/dispatcher.py", line 373, in handler_worker
    await handler.callback(self.client, *args)
  File "/root/HasiiMusicBot/HasiiMusic/core/lang.py", line 78, in wrapper
    return await func(*args, **kwargs)
           ^^^^^^^^^^^^^^^^^^^^^^^^^^^
  File "/root/HasiiMusicBot/HasiiMusic/plugins/information/start.py", line 40, in start
    if message.from_user.id in app.bl_users and message.from_user.id not in db.notified:
       ^^^^^^^^^^^^^^^^^^^^
AttributeError: 'NoneType' object has no attribute 'id'
[05-Dec-25 08:39:29 - INFO] - HasiiMusic: ğŸ›‘ Stopping bot...
[05-Dec-25 08:39:29 - INFO] - HasiiMusic: ğŸ¤– Bot client stopped.
[05-Dec-25 08:39:29 - INFO] - HasiiMusic: Assistants stopped.
[05-Dec-25 08:39:29 - INFO] - HasiiMusic: Database connection closed.
[05-Dec-25 08:39:29 - INFO] - HasiiMusic: âœ… Bot stopped successfully.

[05-Dec-25 08:39:44 - INFO] - HasiiMusic: ğŸ“ Cache directories updated.
[05-Dec-25 08:39:44 - INFO] - HasiiMusic: ğŸŒ Loaded languages: en, si
[05-Dec-25 08:39:45 - INFO] - HasiiMusic: âœ… Database connection successful. (0.73s)
[05-Dec-25 08:39:46 - INFO] - HasiiMusic: Database cache loaded.
[05-Dec-25 08:39:46 - INFO] - HasiiMusic: ğŸ¤– Bot started successfully as @HasiMusicBot
[05-Dec-25 08:39:46 - INFO] - HasiiMusic: ğŸ‘¤ Assistant 1 started as @moda_golubella
[05-Dec-25 08:39:46 - INFO] - HasiiMusic: ğŸ‘¤ Assistant 2 started as @None
[05-Dec-25 08:39:46 - INFO] - HasiiMusic: ğŸ“ PyTgCalls client(s) started.
[05-Dec-25 08:39:47 - INFO] - HasiiMusic: ğŸ”Œ Loaded 25 plugin modules.
[05-Dec-25 08:39:47 - INFO] - HasiiMusic: ğŸª Saving cookies from urls...
[05-Dec-25 08:39:47 - INFO] - HasiiMusic: âœ… Cookies saved.
[05-Dec-25 08:39:47 - INFO] - HasiiMusic: ğŸ‘‘ Loaded 4 sudo users.
[05-Dec-25 08:39:47 - INFO] - HasiiMusic: 
ğŸ‰ Bot started successfully! Ready to play music! ğŸµ

[05-Dec-25 09:04:48 - ERROR] - pyrogram.dispatcher: 'NoneType' object has no attribute 'id'
Traceback (most recent call last):
  File "/root/HasiiMusicBot/hasiimusic/lib/python3.12/site-packages/pyrogram/dispatcher.py", line 373, in handler_worker
    await handler.callback(self.client, *args)
  File "/root/HasiiMusicBot/HasiiMusic/core/lang.py", line 78, in wrapper
    return await func(*args, **kwargs)
           ^^^^^^^^^^^^^^^^^^^^^^^^^^^
  File "/root/HasiiMusicBot/HasiiMusic/plugins/information/start.py", line 40, in start
    if message.from_user.id in app.bl_users and message.from_user.id not in db.notified:
       ^^^^^^^^^^^^^^^^^^^^
AttributeError: 'NoneType' object has no attribute 'id'
